[0.013s] Invoking command in '/home/eddie/Documents/ROS2_moveit2_learning/build/my_robot_description': CMAKE_PREFIX_PATH=${CMAKE_PREFIX_PATH}:/opt/ros/jazzy DEBUGINFOD_URLS=https://debuginfod.ubuntu.com /usr/bin/cmake --build /home/eddie/Documents/ROS2_moveit2_learning/build/my_robot_description -- -j2 -l2
[0.050s] -- Found ament_cmake: 2.5.4 (/opt/ros/jazzy/share/ament_cmake/cmake)
[0.296s] -- Configuring done (0.2s)
[0.300s] -- Generating done (0.0s)
[0.302s] -- Build files have been written to: /home/eddie/Documents/ROS2_moveit2_learning/build/my_robot_description
[0.326s] Invoked command in '/home/eddie/Documents/ROS2_moveit2_learning/build/my_robot_description' returned '0': CMAKE_PREFIX_PATH=${CMAKE_PREFIX_PATH}:/opt/ros/jazzy DEBUGINFOD_URLS=https://debuginfod.ubuntu.com /usr/bin/cmake --build /home/eddie/Documents/ROS2_moveit2_learning/build/my_robot_description -- -j2 -l2
[0.337s] Invoking command in '/home/eddie/Documents/ROS2_moveit2_learning/build/my_robot_description': CMAKE_PREFIX_PATH=${CMAKE_PREFIX_PATH}:/opt/ros/jazzy DEBUGINFOD_URLS=https://debuginfod.ubuntu.com /usr/bin/cmake --install /home/eddie/Documents/ROS2_moveit2_learning/build/my_robot_description
[0.346s] -- Install configuration: ""
[0.346s] -- Up-to-date: /home/eddie/Documents/ROS2_moveit2_learning/install/my_robot_description/share/my_robot_description/launch
[0.346s] -- Up-to-date: /home/eddie/Documents/ROS2_moveit2_learning/install/my_robot_description/share/my_robot_description/launch/display.launch.xml
[0.346s] -- Up-to-date: /home/eddie/Documents/ROS2_moveit2_learning/install/my_robot_description/share/my_robot_description/rviz
[0.346s] -- Up-to-date: /home/eddie/Documents/ROS2_moveit2_learning/install/my_robot_description/share/my_robot_description/rviz/urdf_config.rviz
[0.346s] -- Up-to-date: /home/eddie/Documents/ROS2_moveit2_learning/install/my_robot_description/share/my_robot_description/urdf
[0.346s] -- Up-to-date: /home/eddie/Documents/ROS2_moveit2_learning/install/my_robot_description/share/my_robot_description/urdf/arm.urdf
[0.346s] -- Up-to-date: /home/eddie/Documents/ROS2_moveit2_learning/install/my_robot_description/share/my_robot_description/urdf/common_properties.xacro
[0.346s] -- Installing: /home/eddie/Documents/ROS2_moveit2_learning/install/my_robot_description/share/my_robot_description/urdf/arm.xacro
[0.346s] -- Up-to-date: /home/eddie/Documents/ROS2_moveit2_learning/install/my_robot_description/share/my_robot_description/urdf/my_robot.urdf.xacro
[0.346s] -- Up-to-date: /home/eddie/Documents/ROS2_moveit2_learning/install/my_robot_description/share/ament_index/resource_index/package_run_dependencies/my_robot_description
[0.346s] -- Installing: /home/eddie/Documents/ROS2_moveit2_learning/install/my_robot_description/share/ament_index/resource_index/parent_prefix_path/my_robot_description
[0.346s] -- Installing: /home/eddie/Documents/ROS2_moveit2_learning/install/my_robot_description/share/my_robot_description/environment/ament_prefix_path.sh
[0.346s] -- Up-to-date: /home/eddie/Documents/ROS2_moveit2_learning/install/my_robot_description/share/my_robot_description/environment/ament_prefix_path.dsv
[0.346s] -- Installing: /home/eddie/Documents/ROS2_moveit2_learning/install/my_robot_description/share/my_robot_description/environment/path.sh
[0.346s] -- Up-to-date: /home/eddie/Documents/ROS2_moveit2_learning/install/my_robot_description/share/my_robot_description/environment/path.dsv
[0.346s] -- Up-to-date: /home/eddie/Documents/ROS2_moveit2_learning/install/my_robot_description/share/my_robot_description/local_setup.bash
[0.347s] -- Up-to-date: /home/eddie/Documents/ROS2_moveit2_learning/install/my_robot_description/share/my_robot_description/local_setup.sh
[0.347s] -- Up-to-date: /home/eddie/Documents/ROS2_moveit2_learning/install/my_robot_description/share/my_robot_description/local_setup.zsh
[0.347s] -- Up-to-date: /home/eddie/Documents/ROS2_moveit2_learning/install/my_robot_description/share/my_robot_description/local_setup.dsv
[0.347s] -- Up-to-date: /home/eddie/Documents/ROS2_moveit2_learning/install/my_robot_description/share/my_robot_description/package.dsv
[0.347s] -- Up-to-date: /home/eddie/Documents/ROS2_moveit2_learning/install/my_robot_description/share/ament_index/resource_index/packages/my_robot_description
[0.347s] -- Up-to-date: /home/eddie/Documents/ROS2_moveit2_learning/install/my_robot_description/share/my_robot_description/cmake/my_robot_descriptionConfig.cmake
[0.347s] -- Up-to-date: /home/eddie/Documents/ROS2_moveit2_learning/install/my_robot_description/share/my_robot_description/cmake/my_robot_descriptionConfig-version.cmake
[0.347s] -- Up-to-date: /home/eddie/Documents/ROS2_moveit2_learning/install/my_robot_description/share/my_robot_description/package.xml
[0.350s] Invoked command in '/home/eddie/Documents/ROS2_moveit2_learning/build/my_robot_description' returned '0': CMAKE_PREFIX_PATH=${CMAKE_PREFIX_PATH}:/opt/ros/jazzy DEBUGINFOD_URLS=https://debuginfod.ubuntu.com /usr/bin/cmake --install /home/eddie/Documents/ROS2_moveit2_learning/build/my_robot_description
