[0.014s] Invoking command in '/home/eddie/Documents/ROS2_moveit2_learning/build/my_robot_description': CMAKE_PREFIX_PATH=${CMAKE_PREFIX_PATH}:/opt/ros/jazzy DEBUGINFOD_URLS=https://debuginfod.ubuntu.com /usr/bin/cmake /home/eddie/Documents/ROS2_moveit2_learning/ros2_ws/src/my_robot_description -DCMAKE_INSTALL_PREFIX=/home/eddie/Documents/ROS2_moveit2_learning/install/my_robot_description
[0.176s] -- The C compiler identification is GNU 13.3.0
[0.292s] -- The CXX compiler identification is GNU 13.3.0
[0.322s] -- Detecting C compiler ABI info
[0.427s] -- Detecting C compiler ABI info - done
[0.435s] -- Check for working C compiler: /usr/bin/cc - skipped
[0.437s] -- Detecting C compile features
[0.437s] -- Detecting C compile features - done
[0.449s] -- Detecting CXX compiler ABI info
[0.576s] -- Detecting CXX compiler ABI info - done
[0.582s] -- Check for working CXX compiler: /usr/bin/c++ - skipped
[0.582s] -- Detecting CXX compile features
[0.583s] -- Detecting CXX compile features - done
[0.605s] -- Found ament_cmake: 2.5.4 (/opt/ros/jazzy/share/ament_cmake/cmake)
[0.772s] -- Found Python3: /usr/bin/python3 (found version "3.12.3") found components: Interpreter 
[1.122s] -- Configuring done (1.1s)
[1.125s] -- Generating done (0.0s)
[1.128s] -- Build files have been written to: /home/eddie/Documents/ROS2_moveit2_learning/build/my_robot_description
[1.131s] Invoked command in '/home/eddie/Documents/ROS2_moveit2_learning/build/my_robot_description' returned '0': CMAKE_PREFIX_PATH=${CMAKE_PREFIX_PATH}:/opt/ros/jazzy DEBUGINFOD_URLS=https://debuginfod.ubuntu.com /usr/bin/cmake /home/eddie/Documents/ROS2_moveit2_learning/ros2_ws/src/my_robot_description -DCMAKE_INSTALL_PREFIX=/home/eddie/Documents/ROS2_moveit2_learning/install/my_robot_description
[1.133s] Invoking command in '/home/eddie/Documents/ROS2_moveit2_learning/build/my_robot_description': CMAKE_PREFIX_PATH=${CMAKE_PREFIX_PATH}:/opt/ros/jazzy DEBUGINFOD_URLS=https://debuginfod.ubuntu.com /usr/bin/cmake --build /home/eddie/Documents/ROS2_moveit2_learning/build/my_robot_description -- -j2 -l2
[1.174s] Invoked command in '/home/eddie/Documents/ROS2_moveit2_learning/build/my_robot_description' returned '0': CMAKE_PREFIX_PATH=${CMAKE_PREFIX_PATH}:/opt/ros/jazzy DEBUGINFOD_URLS=https://debuginfod.ubuntu.com /usr/bin/cmake --build /home/eddie/Documents/ROS2_moveit2_learning/build/my_robot_description -- -j2 -l2
[1.184s] Invoking command in '/home/eddie/Documents/ROS2_moveit2_learning/build/my_robot_description': CMAKE_PREFIX_PATH=${CMAKE_PREFIX_PATH}:/opt/ros/jazzy DEBUGINFOD_URLS=https://debuginfod.ubuntu.com /usr/bin/cmake --install /home/eddie/Documents/ROS2_moveit2_learning/build/my_robot_description
[1.191s] -- Install configuration: ""
[1.191s] -- Installing: /home/eddie/Documents/ROS2_moveit2_learning/install/my_robot_description/share/my_robot_description/launch
[1.192s] -- Installing: /home/eddie/Documents/ROS2_moveit2_learning/install/my_robot_description/share/my_robot_description/launch/display.launch.xml
[1.192s] -- Installing: /home/eddie/Documents/ROS2_moveit2_learning/install/my_robot_description/share/my_robot_description/rviz
[1.192s] -- Installing: /home/eddie/Documents/ROS2_moveit2_learning/install/my_robot_description/share/my_robot_description/urdf
[1.192s] -- Installing: /home/eddie/Documents/ROS2_moveit2_learning/install/my_robot_description/share/my_robot_description/urdf/arm.urdf
[1.192s] -- Installing: /home/eddie/Documents/ROS2_moveit2_learning/install/my_robot_description/share/my_robot_description/urdf/common_properties.xacro
[1.192s] -- Installing: /home/eddie/Documents/ROS2_moveit2_learning/install/my_robot_description/share/my_robot_description/urdf/arm.xacro
[1.192s] -- Installing: /home/eddie/Documents/ROS2_moveit2_learning/install/my_robot_description/share/my_robot_description/urdf/my_robot.urdf.xacro
[1.192s] -- Installing: /home/eddie/Documents/ROS2_moveit2_learning/install/my_robot_description/share/ament_index/resource_index/package_run_dependencies/my_robot_description
[1.193s] -- Installing: /home/eddie/Documents/ROS2_moveit2_learning/install/my_robot_description/share/ament_index/resource_index/parent_prefix_path/my_robot_description
[1.193s] -- Installing: /home/eddie/Documents/ROS2_moveit2_learning/install/my_robot_description/share/my_robot_description/environment/ament_prefix_path.sh
[1.193s] -- Installing: /home/eddie/Documents/ROS2_moveit2_learning/install/my_robot_description/share/my_robot_description/environment/ament_prefix_path.dsv
[1.193s] -- Installing: /home/eddie/Documents/ROS2_moveit2_learning/install/my_robot_description/share/my_robot_description/environment/path.sh
[1.193s] -- Installing: /home/eddie/Documents/ROS2_moveit2_learning/install/my_robot_description/share/my_robot_description/environment/path.dsv
[1.193s] -- Installing: /home/eddie/Documents/ROS2_moveit2_learning/install/my_robot_description/share/my_robot_description/local_setup.bash
[1.193s] -- Installing: /home/eddie/Documents/ROS2_moveit2_learning/install/my_robot_description/share/my_robot_description/local_setup.sh
[1.193s] -- Installing: /home/eddie/Documents/ROS2_moveit2_learning/install/my_robot_description/share/my_robot_description/local_setup.zsh
[1.193s] -- Installing: /home/eddie/Documents/ROS2_moveit2_learning/install/my_robot_description/share/my_robot_description/local_setup.dsv
[1.193s] -- Installing: /home/eddie/Documents/ROS2_moveit2_learning/install/my_robot_description/share/my_robot_description/package.dsv
[1.194s] -- Installing: /home/eddie/Documents/ROS2_moveit2_learning/install/my_robot_description/share/ament_index/resource_index/packages/my_robot_description
[1.194s] -- Installing: /home/eddie/Documents/ROS2_moveit2_learning/install/my_robot_description/share/my_robot_description/cmake/my_robot_descriptionConfig.cmake
[1.194s] -- Installing: /home/eddie/Documents/ROS2_moveit2_learning/install/my_robot_description/share/my_robot_description/cmake/my_robot_descriptionConfig-version.cmake
[1.194s] -- Installing: /home/eddie/Documents/ROS2_moveit2_learning/install/my_robot_description/share/my_robot_description/package.xml
[1.195s] Invoked command in '/home/eddie/Documents/ROS2_moveit2_learning/build/my_robot_description' returned '0': CMAKE_PREFIX_PATH=${CMAKE_PREFIX_PATH}:/opt/ros/jazzy DEBUGINFOD_URLS=https://debuginfod.ubuntu.com /usr/bin/cmake --install /home/eddie/Documents/ROS2_moveit2_learning/build/my_robot_description
